[2018-01-23 19:19:05] production.ERROR: Symfony\Component\Debug\Exception\FatalThrowableError: Parse error: syntax error, unexpected 'mmmm' (T_STRING), expecting function (T_FUNCTION) or const (T_CONST) in C:\xampp\htdocs\socio200\application\app\lib\LaravelTranslate\Languages.php:29
Stack trace:
#0 C:\xampp\htdocs\socio200\application\vendor\composer\ClassLoader.php(301): Composer\Autoload\includeFile('C:\\xampp\\htdocs...')
#1 [internal function]: Composer\Autoload\ClassLoader->loadClass('LaravelTranslat...')
#2 C:\xampp\htdocs\socio200\application\app\lib\LaravelTranslate\LaravelTranslateServiceProvider.php(21): spl_autoload_call('LaravelTranslat...')
#3 C:\xampp\htdocs\socio200\application\vendor\laravel\framework\src\Illuminate\Container\Container.php(746): LaravelTranslate\LaravelTranslateServiceProvider->LaravelTranslate\{closure}(Object(Illuminate\Foundation\Application), Array)
#4 C:\xampp\htdocs\socio200\application\vendor\laravel\framework\src\Illuminate\Container\Container.php(644): Illuminate\Container\Container->build(Object(Closure), Array)
#5 C:\xampp\htdocs\socio200\application\vendor\laravel\framework\src\Illuminate\Foundation\Application.php(709): Illuminate\Container\Container->make('Languages', Array)
#6 C:\xampp\htdocs\socio200\application\vendor\laravel\framework\src\Illuminate\Container\Container.php(1203): Illuminate\Foundation\Application->make('Languages')
#7 C:\xampp\htdocs\socio200\application\vendor\laravel\framework\src\Illuminate\Support\Facades\Facade.php(175): Illuminate\Container\Container->offsetGet('Languages')
#8 C:\xampp\htdocs\socio200\application\vendor\laravel\framework\src\Illuminate\Support\Facades\Facade.php(144): Illuminate\Support\Facades\Facade::resolveFacadeInstance('Languages')
#9 C:\xampp\htdocs\socio200\application\vendor\laravel\framework\src\Illuminate\Support\Facades\Facade.php(231): Illuminate\Support\Facades\Facade::getFacadeRoot()
#10 C:\xampp\htdocs\socio200\application\app\Http\Middleware\Common.php(69): Illuminate\Support\Facades\Facade::__callStatic('initialize', Array)
#11 C:\xampp\htdocs\socio200\application\app\Http\Middleware\Common.php(47): App\Http\Middleware\Common::loadCommonData()
#12 C:\xampp\htdocs\socio200\application\vendor\laravel\framework\src\Illuminate\Pipeline\Pipeline.php(137): App\Http\Middleware\Common->handle(Object(Illuminate\Http\Request), Object(Closure))
#13 C:\xampp\htdocs\socio200\application\vendor\laravel\framework\src\Illuminate\Routing\Pipeline.php(33): Illuminate\Pipeline\Pipeline->Illuminate\Pipeline\{closure}(Object(Illuminate\Http\Request))
#14 C:\xampp\htdocs\socio200\application\vendor\laravel\framework\src\Illuminate\Routing\Middleware\SubstituteBindings.php(41): Illuminate\Routing\Pipeline->Illuminate\Routing\{closure}(Object(Illuminate\Http\Request))
#15 C:\xampp\htdocs\socio200\application\vendor\laravel\framework\src\Illuminate\Pipeline\Pipeline.php(137): Illuminate\Routing\Middleware\SubstituteBindings->handle(Object(Illuminate\Http\Request), Object(Closure))
#16 C:\xampp\htdocs\socio200\application\vendor\laravel\framework\src\Illuminate\Routing\Pipeline.php(33): Illuminate\Pipeline\Pipeline->Illuminate\Pipeline\{closure}(Object(Illuminate\Http\Request))
#17 C:\xampp\htdocs\socio200\application\vendor\laravel\framework\src\Illuminate\View\Middleware\ShareErrorsFromSession.php(49): Illuminate\Routing\Pipeline->Illuminate\Routing\{closure}(Object(Illuminate\Http\Request))
#18 C:\xampp\htdocs\socio200\application\vendor\laravel\framework\src\Illuminate\Pipeline\Pipeline.php(137): Illuminate\View\Middleware\ShareErrorsFromSession->handle(Object(Illuminate\Http\Request), Object(Closure))
#19 C:\xampp\htdocs\socio200\application\vendor\laravel\framework\src\Illuminate\Routing\Pipeline.php(33): Illuminate\Pipeline\Pipeline->Illuminate\Pipeline\{closure}(Object(Illuminate\Http\Request))
#20 C:\xampp\htdocs\socio200\application\vendor\laravel\framework\src\Illuminate\Session\Middleware\StartSession.php(64): Illuminate\Routing\Pipeline->Illuminate\Routing\{closure}(Object(Illuminate\Http\Request))
#21 C:\xampp\htdocs\socio200\application\vendor\laravel\framework\src\Illuminate\Pipeline\Pipeline.php(137): Illuminate\Session\Middleware\StartSession->handle(Object(Illuminate\Http\Request), Object(Closure))
#22 C:\xampp\htdocs\socio200\application\vendor\laravel\framework\src\Illuminate\Routing\Pipeline.php(33): Illuminate\Pipeline\Pipeline->Illuminate\Pipeline\{closure}(Object(Illuminate\Http\Request))
#23 C:\xampp\htdocs\socio200\application\vendor\laravel\framework\src\Illuminate\Cookie\Middleware\AddQueuedCookiesToResponse.php(37): Illuminate\Routing\Pipeline->Illuminate\Routing\{closure}(Object(Illuminate\Http\Request))
#24 C:\xampp\htdocs\socio200\application\vendor\laravel\framework\src\Illuminate\Pipeline\Pipeline.php(137): Illuminate\Cookie\Middleware\AddQueuedCookiesToResponse->handle(Object(Illuminate\Http\Request), Object(Closure))
#25 C:\xampp\htdocs\socio200\application\vendor\laravel\framework\src\Illuminate\Routing\Pipeline.php(33): Illuminate\Pipeline\Pipeline->Illuminate\Pipeline\{closure}(Object(Illuminate\Http\Request))
#26 C:\xampp\htdocs\socio200\application\vendor\laravel\framework\src\Illuminate\Cookie\Middleware\EncryptCookies.php(59): Illuminate\Routing\Pipeline->Illuminate\Routing\{closure}(Object(Illuminate\Http\Request))
#27 C:\xampp\htdocs\socio200\application\vendor\laravel\framework\src\Illuminate\Pipeline\Pipeline.php(137): Illuminate\Cookie\Middleware\EncryptCookies->handle(Object(Illuminate\Http\Request), Object(Closure))
#28 C:\xampp\htdocs\socio200\application\vendor\laravel\framework\src\Illuminate\Routing\Pipeline.php(33): Illuminate\Pipeline\Pipeline->Illuminate\Pipeline\{closure}(Object(Illuminate\Http\Request))
#29 C:\xampp\htdocs\socio200\application\vendor\laravel\framework\src\Illuminate\Pipeline\Pipeline.php(104): Illuminate\Routing\Pipeline->Illuminate\Routing\{closure}(Object(Illuminate\Http\Request))
#30 C:\xampp\htdocs\socio200\application\vendor\laravel\framework\src\Illuminate\Routing\Router.php(655): Illuminate\Pipeline\Pipeline->then(Object(Closure))
#31 C:\xampp\htdocs\socio200\application\vendor\laravel\framework\src\Illuminate\Routing\Router.php(629): Illuminate\Routing\Router->runRouteWithinStack(Object(Illuminate\Routing\Route), Object(Illuminate\Http\Request))
#32 C:\xampp\htdocs\socio200\application\vendor\laravel\framework\src\Illuminate\Routing\Router.php(607): Illuminate\Routing\Router->dispatchToRoute(Object(Illuminate\Http\Request))
#33 C:\xampp\htdocs\socio200\application\vendor\laravel\framework\src\Illuminate\Foundation\Http\Kernel.php(268): Illuminate\Routing\Router->dispatch(Object(Illuminate\Http\Request))
#34 C:\xampp\htdocs\socio200\application\vendor\laravel\framework\src\Illuminate\Routing\Pipeline.php(53): Illuminate\Foundation\Http\Kernel->Illuminate\Foundation\Http\{closure}(Object(Illuminate\Http\Request))
#35 C:\xampp\htdocs\socio200\application\vendor\laravel\framework\src\Illuminate\Foundation\Http\Middleware\CheckForMaintenanceMode.php(46): Illuminate\Routing\Pipeline->Illuminate\Routing\{closure}(Object(Illuminate\Http\Request))
#36 C:\xampp\htdocs\socio200\application\vendor\laravel\framework\src\Illuminate\Pipeline\Pipeline.php(137): Illuminate\Foundation\Http\Middleware\CheckForMaintenanceMode->handle(Object(Illuminate\Http\Request), Object(Closure))
#37 C:\xampp\htdocs\socio200\application\vendor\laravel\framework\src\Illuminate\Routing\Pipeline.php(33): Illuminate\Pipeline\Pipeline->Illuminate\Pipeline\{closure}(Object(Illuminate\Http\Request))
#38 C:\xampp\htdocs\socio200\application\vendor\laravel\framework\src\Illuminate\Pipeline\Pipeline.php(104): Illuminate\Routing\Pipeline->Illuminate\Routing\{closure}(Object(Illuminate\Http\Request))
#39 C:\xampp\htdocs\socio200\application\vendor\laravel\framework\src\Illuminate\Foundation\Http\Kernel.php(150): Illuminate\Pipeline\Pipeline->then(Object(Closure))
#40 C:\xampp\htdocs\socio200\application\vendor\laravel\framework\src\Illuminate\Foundation\Http\Kernel.php(117): Illuminate\Foundation\Http\Kernel->sendRequestThroughRouter(Object(Illuminate\Http\Request))
#41 C:\xampp\htdocs\socio200\index.php(72): Illuminate\Foundation\Http\Kernel->handle(Object(Illuminate\Http\Request))
#42 {main}  
[2018-01-23 19:19:05] production.ERROR: ErrorException: A non well formed numeric value encountered in C:\xampp\htdocs\socio200\application\app\Http\Middleware\Common.php:169
Stack trace:
#0 C:\xampp\htdocs\socio200\application\app\Http\Middleware\Common.php(169): Illuminate\Foundation\Bootstrap\HandleExceptions->handleError(8, 'A non well form...', 'C:\\xampp\\htdocs...', 169, Array)
#1 C:\xampp\htdocs\socio200\application\vendor\laravel\framework\src\Illuminate\Foundation\Http\Kernel.php(177): App\Http\Middleware\Common->terminate(Object(Illuminate\Http\Request), Object(Illuminate\Http\Response))
#2 C:\xampp\htdocs\socio200\index.php(77): Illuminate\Foundation\Http\Kernel->terminate(Object(Illuminate\Http\Request), Object(Illuminate\Http\Response))
#3 {main}  
[2018-01-23 19:36:26] production.ERROR: Symfony\Component\Debug\Exception\FatalThrowableError: Parse error: syntax error, unexpected 'mmmm' (T_STRING), expecting function (T_FUNCTION) or const (T_CONST) in C:\xampp\htdocs\socio200\application\app\lib\LaravelTranslate\Languages.php:29
Stack trace:
#0 C:\xampp\htdocs\socio200\application\vendor\composer\ClassLoader.php(301): Composer\Autoload\includeFile('C:\\xampp\\htdocs...')
#1 [internal function]: Composer\Autoload\ClassLoader->loadClass('LaravelTranslat...')
#2 C:\xampp\htdocs\socio200\application\app\lib\LaravelTranslate\LaravelTranslateServiceProvider.php(21): spl_autoload_call('LaravelTranslat...')
#3 C:\xampp\htdocs\socio200\application\vendor\laravel\framework\src\Illuminate\Container\Container.php(746): LaravelTranslate\LaravelTranslateServiceProvider->LaravelTranslate\{closure}(Object(Illuminate\Foundation\Application), Array)
#4 C:\xampp\htdocs\socio200\application\vendor\laravel\framework\src\Illuminate\Container\Container.php(644): Illuminate\Container\Container->build(Object(Closure), Array)
#5 C:\xampp\htdocs\socio200\application\vendor\laravel\framework\src\Illuminate\Foundation\Application.php(709): Illuminate\Container\Container->make('Languages', Array)
#6 C:\xampp\htdocs\socio200\application\vendor\laravel\framework\src\Illuminate\Container\Container.php(1203): Illuminate\Foundation\Application->make('Languages')
#7 C:\xampp\htdocs\socio200\application\vendor\laravel\framework\src\Illuminate\Support\Facades\Facade.php(175): Illuminate\Container\Container->offsetGet('Languages')
#8 C:\xampp\htdocs\socio200\application\vendor\laravel\framework\src\Illuminate\Support\Facades\Facade.php(144): Illuminate\Support\Facades\Facade::resolveFacadeInstance('Languages')
#9 C:\xampp\htdocs\socio200\application\vendor\laravel\framework\src\Illuminate\Support\Facades\Facade.php(231): Illuminate\Support\Facades\Facade::getFacadeRoot()
#10 C:\xampp\htdocs\socio200\application\app\Http\Middleware\Common.php(69): Illuminate\Support\Facades\Facade::__callStatic('initialize', Array)
#11 C:\xampp\htdocs\socio200\application\app\Http\Middleware\Common.php(47): App\Http\Middleware\Common::loadCommonData()
#12 C:\xampp\htdocs\socio200\application\vendor\laravel\framework\src\Illuminate\Pipeline\Pipeline.php(137): App\Http\Middleware\Common->handle(Object(Illuminate\Http\Request), Object(Closure))
#13 C:\xampp\htdocs\socio200\application\vendor\laravel\framework\src\Illuminate\Routing\Pipeline.php(33): Illuminate\Pipeline\Pipeline->Illuminate\Pipeline\{closure}(Object(Illuminate\Http\Request))
#14 C:\xampp\htdocs\socio200\application\vendor\laravel\framework\src\Illuminate\Routing\Middleware\SubstituteBindings.php(41): Illuminate\Routing\Pipeline->Illuminate\Routing\{closure}(Object(Illuminate\Http\Request))
#15 C:\xampp\htdocs\socio200\application\vendor\laravel\framework\src\Illuminate\Pipeline\Pipeline.php(137): Illuminate\Routing\Middleware\SubstituteBindings->handle(Object(Illuminate\Http\Request), Object(Closure))
#16 C:\xampp\htdocs\socio200\application\vendor\laravel\framework\src\Illuminate\Routing\Pipeline.php(33): Illuminate\Pipeline\Pipeline->Illuminate\Pipeline\{closure}(Object(Illuminate\Http\Request))
#17 C:\xampp\htdocs\socio200\application\vendor\laravel\framework\src\Illuminate\View\Middleware\ShareErrorsFromSession.php(49): Illuminate\Routing\Pipeline->Illuminate\Routing\{closure}(Object(Illuminate\Http\Request))
#18 C:\xampp\htdocs\socio200\application\vendor\laravel\framework\src\Illuminate\Pipeline\Pipeline.php(137): Illuminate\View\Middleware\ShareErrorsFromSession->handle(Object(Illuminate\Http\Request), Object(Closure))
#19 C:\xampp\htdocs\socio200\application\vendor\laravel\framework\src\Illuminate\Routing\Pipeline.php(33): Illuminate\Pipeline\Pipeline->Illuminate\Pipeline\{closure}(Object(Illuminate\Http\Request))
#20 C:\xampp\htdocs\socio200\application\vendor\laravel\framework\src\Illuminate\Session\Middleware\StartSession.php(64): Illuminate\Routing\Pipeline->Illuminate\Routing\{closure}(Object(Illuminate\Http\Request))
#21 C:\xampp\htdocs\socio200\application\vendor\laravel\framework\src\Illuminate\Pipeline\Pipeline.php(137): Illuminate\Session\Middleware\StartSession->handle(Object(Illuminate\Http\Request), Object(Closure))
#22 C:\xampp\htdocs\socio200\application\vendor\laravel\framework\src\Illuminate\Routing\Pipeline.php(33): Illuminate\Pipeline\Pipeline->Illuminate\Pipeline\{closure}(Object(Illuminate\Http\Request))
#23 C:\xampp\htdocs\socio200\application\vendor\laravel\framework\src\Illuminate\Cookie\Middleware\AddQueuedCookiesToResponse.php(37): Illuminate\Routing\Pipeline->Illuminate\Routing\{closure}(Object(Illuminate\Http\Request))
#24 C:\xampp\htdocs\socio200\application\vendor\laravel\framework\src\Illuminate\Pipeline\Pipeline.php(137): Illuminate\Cookie\Middleware\AddQueuedCookiesToResponse->handle(Object(Illuminate\Http\Request), Object(Closure))
#25 C:\xampp\htdocs\socio200\application\vendor\laravel\framework\src\Illuminate\Routing\Pipeline.php(33): Illuminate\Pipeline\Pipeline->Illuminate\Pipeline\{closure}(Object(Illuminate\Http\Request))
#26 C:\xampp\htdocs\socio200\application\vendor\laravel\framework\src\Illuminate\Cookie\Middleware\EncryptCookies.php(59): Illuminate\Routing\Pipeline->Illuminate\Routing\{closure}(Object(Illuminate\Http\Request))
#27 C:\xampp\htdocs\socio200\application\vendor\laravel\framework\src\Illuminate\Pipeline\Pipeline.php(137): Illuminate\Cookie\Middleware\EncryptCookies->handle(Object(Illuminate\Http\Request), Object(Closure))
#28 C:\xampp\htdocs\socio200\application\vendor\laravel\framework\src\Illuminate\Routing\Pipeline.php(33): Illuminate\Pipeline\Pipeline->Illuminate\Pipeline\{closure}(Object(Illuminate\Http\Request))
#29 C:\xampp\htdocs\socio200\application\vendor\laravel\framework\src\Illuminate\Pipeline\Pipeline.php(104): Illuminate\Routing\Pipeline->Illuminate\Routing\{closure}(Object(Illuminate\Http\Request))
#30 C:\xampp\htdocs\socio200\application\vendor\laravel\framework\src\Illuminate\Routing\Router.php(655): Illuminate\Pipeline\Pipeline->then(Object(Closure))
#31 C:\xampp\htdocs\socio200\application\vendor\laravel\framework\src\Illuminate\Routing\Router.php(629): Illuminate\Routing\Router->runRouteWithinStack(Object(Illuminate\Routing\Route), Object(Illuminate\Http\Request))
#32 C:\xampp\htdocs\socio200\application\vendor\laravel\framework\src\Illuminate\Routing\Router.php(607): Illuminate\Routing\Router->dispatchToRoute(Object(Illuminate\Http\Request))
#33 C:\xampp\htdocs\socio200\application\vendor\laravel\framework\src\Illuminate\Foundation\Http\Kernel.php(268): Illuminate\Routing\Router->dispatch(Object(Illuminate\Http\Request))
#34 C:\xampp\htdocs\socio200\application\vendor\laravel\framework\src\Illuminate\Routing\Pipeline.php(53): Illuminate\Foundation\Http\Kernel->Illuminate\Foundation\Http\{closure}(Object(Illuminate\Http\Request))
#35 C:\xampp\htdocs\socio200\application\vendor\laravel\framework\src\Illuminate\Foundation\Http\Middleware\CheckForMaintenanceMode.php(46): Illuminate\Routing\Pipeline->Illuminate\Routing\{closure}(Object(Illuminate\Http\Request))
#36 C:\xampp\htdocs\socio200\application\vendor\laravel\framework\src\Illuminate\Pipeline\Pipeline.php(137): Illuminate\Foundation\Http\Middleware\CheckForMaintenanceMode->handle(Object(Illuminate\Http\Request), Object(Closure))
#37 C:\xampp\htdocs\socio200\application\vendor\laravel\framework\src\Illuminate\Routing\Pipeline.php(33): Illuminate\Pipeline\Pipeline->Illuminate\Pipeline\{closure}(Object(Illuminate\Http\Request))
#38 C:\xampp\htdocs\socio200\application\vendor\laravel\framework\src\Illuminate\Pipeline\Pipeline.php(104): Illuminate\Routing\Pipeline->Illuminate\Routing\{closure}(Object(Illuminate\Http\Request))
#39 C:\xampp\htdocs\socio200\application\vendor\laravel\framework\src\Illuminate\Foundation\Http\Kernel.php(150): Illuminate\Pipeline\Pipeline->then(Object(Closure))
#40 C:\xampp\htdocs\socio200\application\vendor\laravel\framework\src\Illuminate\Foundation\Http\Kernel.php(117): Illuminate\Foundation\Http\Kernel->sendRequestThroughRouter(Object(Illuminate\Http\Request))
#41 C:\xampp\htdocs\socio200\index.php(72): Illuminate\Foundation\Http\Kernel->handle(Object(Illuminate\Http\Request))
#42 {main}  
[2018-01-23 19:36:26] production.ERROR: ErrorException: A non well formed numeric value encountered in C:\xampp\htdocs\socio200\application\app\Http\Middleware\Common.php:169
Stack trace:
#0 C:\xampp\htdocs\socio200\application\app\Http\Middleware\Common.php(169): Illuminate\Foundation\Bootstrap\HandleExceptions->handleError(8, 'A non well form...', 'C:\\xampp\\htdocs...', 169, Array)
#1 C:\xampp\htdocs\socio200\application\vendor\laravel\framework\src\Illuminate\Foundation\Http\Kernel.php(177): App\Http\Middleware\Common->terminate(Object(Illuminate\Http\Request), Object(Illuminate\Http\Response))
#2 C:\xampp\htdocs\socio200\index.php(77): Illuminate\Foundation\Http\Kernel->terminate(Object(Illuminate\Http\Request), Object(Illuminate\Http\Response))
#3 {main}  
[2018-01-23 20:03:36] production.ERROR: ErrorException: A non well formed numeric value encountered in C:\xampp\htdocs\socio200\application\app\Http\Middleware\Common.php:169
Stack trace:
#0 C:\xampp\htdocs\socio200\application\app\Http\Middleware\Common.php(169): Illuminate\Foundation\Bootstrap\HandleExceptions->handleError(8, 'A non well form...', 'C:\\xampp\\htdocs...', 169, Array)
#1 C:\xampp\htdocs\socio200\application\vendor\laravel\framework\src\Illuminate\Foundation\Http\Kernel.php(177): App\Http\Middleware\Common->terminate(Object(Illuminate\Http\Request), Object(Illuminate\Http\Response))
#2 C:\xampp\htdocs\socio200\index.php(77): Illuminate\Foundation\Http\Kernel->terminate(Object(Illuminate\Http\Request), Object(Illuminate\Http\Response))
#3 {main}  
[2018-01-23 20:03:37] production.ERROR: ErrorException: A non well formed numeric value encountered in C:\xampp\htdocs\socio200\application\app\Http\Middleware\Common.php:169
Stack trace:
#0 C:\xampp\htdocs\socio200\application\app\Http\Middleware\Common.php(169): Illuminate\Foundation\Bootstrap\HandleExceptions->handleError(8, 'A non well form...', 'C:\\xampp\\htdocs...', 169, Array)
#1 C:\xampp\htdocs\socio200\application\vendor\laravel\framework\src\Illuminate\Foundation\Http\Kernel.php(177): App\Http\Middleware\Common->terminate(Object(Illuminate\Http\Request), Object(Illuminate\Http\Response))
#2 C:\xampp\htdocs\socio200\index.php(77): Illuminate\Foundation\Http\Kernel->terminate(Object(Illuminate\Http\Request), Object(Illuminate\Http\Response))
#3 {main}  
[2018-01-23 20:03:43] production.ERROR: ErrorException: A non well formed numeric value encountered in C:\xampp\htdocs\socio200\application\app\Http\Middleware\Common.php:169
Stack trace:
#0 C:\xampp\htdocs\socio200\application\app\Http\Middleware\Common.php(169): Illuminate\Foundation\Bootstrap\HandleExceptions->handleError(8, 'A non well form...', 'C:\\xampp\\htdocs...', 169, Array)
#1 C:\xampp\htdocs\socio200\application\vendor\laravel\framework\src\Illuminate\Foundation\Http\Kernel.php(177): App\Http\Middleware\Common->terminate(Object(Illuminate\Http\Request), Object(Illuminate\Http\Response))
#2 C:\xampp\htdocs\socio200\index.php(77): Illuminate\Foundation\Http\Kernel->terminate(Object(Illuminate\Http\Request), Object(Illuminate\Http\Response))
#3 {main}  
[2018-01-23 20:03:43] production.ERROR: ErrorException: A non well formed numeric value encountered in C:\xampp\htdocs\socio200\application\app\Http\Middleware\Common.php:169
Stack trace:
#0 C:\xampp\htdocs\socio200\application\app\Http\Middleware\Common.php(169): Illuminate\Foundation\Bootstrap\HandleExceptions->handleError(8, 'A non well form...', 'C:\\xampp\\htdocs...', 169, Array)
#1 C:\xampp\htdocs\socio200\application\vendor\laravel\framework\src\Illuminate\Foundation\Http\Kernel.php(177): App\Http\Middleware\Common->terminate(Object(Illuminate\Http\Request), Object(Illuminate\Http\Response))
#2 C:\xampp\htdocs\socio200\index.php(77): Illuminate\Foundation\Http\Kernel->terminate(Object(Illuminate\Http\Request), Object(Illuminate\Http\Response))
#3 {main}  
[2018-01-23 20:03:51] production.ERROR: ErrorException: A non well formed numeric value encountered in C:\xampp\htdocs\socio200\application\app\Http\Middleware\Common.php:169
Stack trace:
#0 C:\xampp\htdocs\socio200\application\app\Http\Middleware\Common.php(169): Illuminate\Foundation\Bootstrap\HandleExceptions->handleError(8, 'A non well form...', 'C:\\xampp\\htdocs...', 169, Array)
#1 C:\xampp\htdocs\socio200\application\vendor\laravel\framework\src\Illuminate\Foundation\Http\Kernel.php(177): App\Http\Middleware\Common->terminate(Object(Illuminate\Http\Request), Object(Illuminate\Http\Response))
#2 C:\xampp\htdocs\socio200\index.php(77): Illuminate\Foundation\Http\Kernel->terminate(Object(Illuminate\Http\Request), Object(Illuminate\Http\Response))
#3 {main}  
[2018-01-23 20:03:51] production.ERROR: ErrorException: A non well formed numeric value encountered in C:\xampp\htdocs\socio200\application\app\Http\Middleware\Common.php:169
Stack trace:
#0 C:\xampp\htdocs\socio200\application\app\Http\Middleware\Common.php(169): Illuminate\Foundation\Bootstrap\HandleExceptions->handleError(8, 'A non well form...', 'C:\\xampp\\htdocs...', 169, Array)
#1 C:\xampp\htdocs\socio200\application\vendor\laravel\framework\src\Illuminate\Foundation\Http\Kernel.php(177): App\Http\Middleware\Common->terminate(Object(Illuminate\Http\Request), Object(Illuminate\Http\Response))
#2 C:\xampp\htdocs\socio200\index.php(77): Illuminate\Foundation\Http\Kernel->terminate(Object(Illuminate\Http\Request), Object(Illuminate\Http\Response))
#3 {main}  
